[debug] [2021-06-12T18:11:36.393Z] ----------------------------------------------------------------------
[debug] [2021-06-12T18:11:36.395Z] Command:       C:\Program Files\nodejs\node.exe C:\Users\User\AppData\Roaming\npm\node_modules\firebase-tools\lib\bin\firebase.js init hosting:github
[debug] [2021-06-12T18:11:36.395Z] CLI Version:   9.11.0
[debug] [2021-06-12T18:11:36.396Z] Platform:      win32
[debug] [2021-06-12T18:11:36.396Z] Node Version:  v14.15.4
[debug] [2021-06-12T18:11:36.399Z] Time:          Sat Jun 12 2021 21:11:36 GMT+0300 (Moscow Standard Time)
[debug] [2021-06-12T18:11:36.399Z] ----------------------------------------------------------------------
[debug] 
[debug] [2021-06-12T18:11:36.403Z] >>> [apiv2][query] GET https://firebase-public.firebaseio.com/cli.json [none]
[debug] [2021-06-12T18:11:36.425Z] > command requires scopes: ["email","openid","https://www.googleapis.com/auth/cloudplatformprojects.readonly","https://www.googleapis.com/auth/firebase","https://www.googleapis.com/auth/cloud-platform"]
[debug] [2021-06-12T18:11:36.425Z] > authorizing via signed-in user (mrrobertgreen17@gmail.com)
[info] 
     ######## #### ########  ######## ########     ###     ######  ########
     ##        ##  ##     ## ##       ##     ##  ##   ##  ##       ##
     ######    ##  ########  ######   ########  #########  ######  ######
     ##        ##  ##    ##  ##       ##     ## ##     ##       ## ##
     ##       #### ##     ## ######## ########  ##     ##  ######  ########

You're about to initialize a Firebase project in this directory:

  X:\projects\flowtok\frontend\front.flowtok.io

Before we get started, keep in mind:

  * You are initializing in an existing Firebase project directory

[debug] [2021-06-12T18:11:37.174Z] <<< [apiv2][status] GET https://firebase-public.firebaseio.com/cli.json 200
[debug] [2021-06-12T18:11:37.175Z] <<< [apiv2][body] GET https://firebase-public.firebaseio.com/cli.json {"cloudBuildErrorAfter":1594252800000,"cloudBuildWarnAfter":1590019200000,"defaultNode10After":1594252800000,"minVersion":"3.0.5","node8DeploysDisabledAfter":1613390400000,"node8RuntimeDisabledAfter":1615809600000,"node8WarnAfter":1600128000000}
[info] 
=== Project Setup
[info] 
[info] First, let's associate this project directory with a Firebase project.
[info] You can create multiple project aliases by running firebase use --add, 
[info] but for now we'll just set up a default project.
[info] 
[info] i  .firebaserc already has a default project, using flowtok-dev-server. 
[debug] [2021-06-12T18:11:47.124Z] > refreshing access token with scopes: []
[debug] [2021-06-12T18:11:47.125Z] >>> HTTP REQUEST POST https://www.googleapis.com/oauth2/v3/token  
 <request body omitted>
[debug] [2021-06-12T18:11:47.310Z] <<< HTTP RESPONSE 200 {"cache-control":"no-cache, no-store, max-age=0, must-revalidate","pragma":"no-cache","expires":"Mon, 01 Jan 1990 00:00:00 GMT","date":"Sat, 12 Jun 2021 18:11:47 GMT","content-type":"application/json; charset=utf-8","vary":"X-Origin, Referer, Origin,Accept-Encoding","server":"scaffolding on HTTPServer2","x-xss-protection":"0","x-frame-options":"SAMEORIGIN","x-content-type-options":"nosniff","alt-svc":"h3=\":443\"; ma=2592000,h3-29=\":443\"; ma=2592000,h3-T051=\":443\"; ma=2592000,h3-Q050=\":443\"; ma=2592000,h3-Q046=\":443\"; ma=2592000,h3-Q043=\":443\"; ma=2592000,quic=\":443\"; ma=2592000; v=\"46,43\"","accept-ranges":"none","transfer-encoding":"chunked"}
[debug] [2021-06-12T18:11:47.329Z] >>> [apiv2][query] GET https://firebase.googleapis.com/v1beta1/projects/flowtok-dev-server [none]
[debug] [2021-06-12T18:11:47.664Z] <<< [apiv2][status] GET https://firebase.googleapis.com/v1beta1/projects/flowtok-dev-server 200
[debug] [2021-06-12T18:11:47.664Z] <<< [apiv2][body] GET https://firebase.googleapis.com/v1beta1/projects/flowtok-dev-server {"projectId":"flowtok-dev-server","projectNumber":"372410062383","displayName":"flowtok-dev-server","name":"projects/flowtok-dev-server","resources":{"hostingSite":"flowtok-dev-server"},"state":"ACTIVE"}
[info] 
=== Hosting:github Setup
[info] 
[info] i  Detected a .git folder at X:\projects\flowtok\frontend\front.flowtok.io 
[info] i  Authorizing with GitHub to upload your service account to a GitHub repository's secrets store. 
[info] 
[info] Visit this URL on this device to log in:
[info] https://github.com/login/oauth/authorize?client_id=89cf50f02ac6aaed3484&state=962259820&redirect_uri=http%3A%2F%2Flocalhost%3A9005&scope=read%3Auser%20repo%20public_repo
[info] 
[info] Waiting for authentication...
[debug] [2021-06-12T18:11:48.482Z] >>> HTTP REQUEST POST https://github.com/login/oauth/access_token  
 {"client_id":"89cf50f02ac6aaed3484","client_secret":"3330d14abc895d9a74d5f17cd7a00711fa2c5bf0","code":"6c122442e311b384b54d","redirect_uri":"http://localhost:9005","state":"962259820"}
[debug] [2021-06-12T18:11:48.937Z] <<< HTTP RESPONSE 200 {"server":"GitHub.com","date":"Sat, 12 Jun 2021 18:11:49 GMT","content-type":"application/json; charset=utf-8","transfer-encoding":"chunked","vary":"X-PJAX, Accept-Encoding, Accept, X-Requested-With","permissions-policy":"interest-cohort=()","etag":"W/\"5ec2afddc05e486e0568d96288f3f76c\"","cache-control":"max-age=0, private, must-revalidate","strict-transport-security":"max-age=31536000; includeSubdomains; preload","x-frame-options":"deny","x-content-type-options":"nosniff","x-xss-protection":"0","referrer-policy":"origin-when-cross-origin, strict-origin-when-cross-origin","expect-ct":"max-age=2592000, report-uri=\"https://api.github.com/_private/browser/errors\"","content-security-policy":"default-src 'none'; base-uri 'self'; block-all-mixed-content; connect-src 'self' uploads.github.com www.githubstatus.com collector.githubapp.com api.github.com github-cloud.s3.amazonaws.com github-production-repository-file-5c1aeb.s3.amazonaws.com github-production-upload-manifest-file-7fdce7.s3.amazonaws.com github-production-user-asset-6210df.s3.amazonaws.com html-translator.herokuapp.com cdn.optimizely.com logx.optimizely.com/v1/events wss://alive.github.com; font-src github.githubassets.com; form-action 'self' github.com gist.github.com; frame-ancestors 'none'; frame-src render.githubusercontent.com; img-src 'self' data: github.githubassets.com identicons.github.com collector.githubapp.com github-cloud.s3.amazonaws.com secured-user-images.githubusercontent.com/ *.githubusercontent.com; manifest-src 'self'; media-src 'none'; script-src github.githubassets.com; style-src 'unsafe-inline' github.githubassets.com; worker-src github.com/socket-worker-3f088aa2.js gist.github.com/socket-worker-3f088aa2.js","x-github-request-id":"9E1F:4ECC:1C85864:1D347CF:60C4F8E5"}
[debug] [2021-06-12T18:11:48.949Z] >>> [apiv2][query] GET https://api.github.com/user [none]
[debug] [2021-06-12T18:11:49.366Z] <<< [apiv2][status] GET https://api.github.com/user 200
[debug] [2021-06-12T18:11:49.366Z] <<< [apiv2][body] GET https://api.github.com/user {"login":"mrRobertGreen","id":52460461,"node_id":"MDQ6VXNlcjUyNDYwNDYx","avatar_url":"https://avatars.githubusercontent.com/u/52460461?v=4","gravatar_id":"","url":"https://api.github.com/users/mrRobertGreen","html_url":"https://github.com/mrRobertGreen","followers_url":"https://api.github.com/users/mrRobertGreen/followers","following_url":"https://api.github.com/users/mrRobertGreen/following{/other_user}","gists_url":"https://api.github.com/users/mrRobertGreen/gists{/gist_id}","starred_url":"https://api.github.com/users/mrRobertGreen/starred{/owner}{/repo}","subscriptions_url":"https://api.github.com/users/mrRobertGreen/subscriptions","organizations_url":"https://api.github.com/users/mrRobertGreen/orgs","repos_url":"https://api.github.com/users/mrRobertGreen/repos","events_url":"https://api.github.com/users/mrRobertGreen/events{/privacy}","received_events_url":"https://api.github.com/users/mrRobertGreen/received_events","type":"User","site_admin":false,"name":"Robert Green","company":null,"blog":"","location":null,"email":null,"hireable":null,"bio":null,"twitter_username":null,"public_repos":11,"public_gists":0,"followers":1,"following":1,"created_at":"2019-07-02T14:52:48Z","updated_at":"2021-06-08T13:05:59Z","private_gists":1,"total_private_repos":8,"owned_private_repos":8,"disk_usage":1462388,"collaborators":4,"two_factor_authentication":false,"plan":{"name":"free","space":976562499,"collaborators":0,"private_repos":10000}}
[info] 
[info] +  Success! Logged into GitHub as mrRobertGreen 
[info] 
